2025-03-30 21:58:24 - keyword_collector - INFO - Успешно обработан домен: 300.ya.ru
2025-03-30 21:58:35 - keyword_collector - INFO - Успешно обработан домен: 360.yandex.com
2025-03-30 21:58:47 - keyword_collector - INFO - Успешно обработан домен: 360.yandex.ru
2025-03-30 21:58:59 - keyword_collector - INFO - Успешно обработан домен: afisha.yandex.ru
2025-03-30 21:59:10 - keyword_collector - INFO - Успешно обработан домен: alice.yandex.ru
2025-03-30 21:59:22 - keyword_collector - INFO - Успешно обработан домен: appmetrica.yandex.ru
2025-03-30 21:59:33 - keyword_collector - INFO - Успешно обработан домен: arenda.yandex.ru
2025-03-30 21:59:45 - keyword_collector - INFO - Успешно обработан домен: audience.yandex.ru
2025-03-30 21:59:57 - keyword_collector - INFO - Успешно обработан домен: auto.ru
2025-03-30 22:00:08 - keyword_collector - INFO - Успешно обработан домен: auto.yandex
2025-03-30 22:00:20 - keyword_collector - INFO - Успешно обработан домен: bank.yandex.ru
2025-03-30 22:00:32 - keyword_collector - INFO - Успешно обработан домен: books.yandex.ru
2025-03-30 22:00:43 - keyword_collector - INFO - Успешно обработан домен: browser.yandex.by
2025-03-30 22:00:55 - keyword_collector - INFO - Успешно обработан домен: browser.yandex.ru
2025-03-30 22:01:06 - keyword_collector - INFO - Успешно обработан домен: business.drive.yandex.ru
2025-03-30 22:01:18 - keyword_collector - INFO - Успешно обработан домен: business.go.yandex
2025-03-30 22:01:30 - keyword_collector - INFO - Успешно обработан домен: business.market.yandex.ru
2025-03-30 22:01:41 - keyword_collector - INFO - Успешно обработан домен: business.yandex.ru
2025-03-30 22:01:53 - keyword_collector - INFO - Успешно обработан домен: calendar.yandex.ru
2025-03-30 22:02:04 - keyword_collector - INFO - Успешно обработан домен: clck.ru
2025-03-30 22:02:16 - keyword_collector - INFO - Успешно обработан домен: dialogs.yandex.ru
2025-03-30 22:02:28 - keyword_collector - INFO - Успешно обработан домен: direct.yandex.ru
2025-03-30 22:02:39 - keyword_collector - INFO - Успешно обработан домен: disk.yandex.com.am
2025-03-30 22:02:51 - keyword_collector - INFO - Успешно обработан домен: disk.yandex.ru
2025-03-30 22:03:02 - keyword_collector - INFO - Успешно обработан домен: dns.yandex.ru
2025-03-30 22:03:14 - keyword_collector - INFO - Успешно обработан домен: docs.yandex.ru
2025-03-30 22:03:25 - keyword_collector - INFO - Успешно обработан домен: dostavka.yandex.ru
2025-03-30 22:03:37 - keyword_collector - INFO - Успешно обработан домен: eats.yandex.com
2025-03-30 22:03:48 - keyword_collector - INFO - Успешно обработан домен: eda.yandex.by
2025-03-30 22:04:00 - keyword_collector - INFO - Успешно обработан домен: eda.yandex.ru
2025-03-30 22:04:12 - keyword_collector - INFO - Успешно обработан домен: edadeal.ru
2025-03-30 22:04:24 - keyword_collector - INFO - Успешно обработан домен: education.yandex.ru
2025-03-30 22:04:35 - keyword_collector - INFO - Успешно обработан домен: elama.ru
2025-03-30 22:04:46 - keyword_collector - INFO - Успешно обработан домен: go.yandex
2025-03-30 22:04:58 - keyword_collector - INFO - Успешно обработан домен: hd.kinopoisk.ru
2025-03-30 22:05:10 - keyword_collector - INFO - Успешно обработан домен: help.yandex.ru
2025-03-30 22:05:21 - keyword_collector - INFO - Успешно обработан домен: id.yandex.ru
2025-03-30 22:05:33 - keyword_collector - INFO - Успешно обработан домен: ir.yandex.ru
2025-03-30 22:05:45 - keyword_collector - INFO - Успешно обработан домен: kinopoisk.ru
2025-03-30 22:05:57 - keyword_collector - INFO - Успешно обработан домен: lavka.yandex.ru
2025-03-30 22:06:09 - keyword_collector - INFO - Успешно обработан домен: mail.yandex.ru
2025-03-30 22:06:20 - keyword_collector - INFO - Успешно обработан домен: market-delivery.yandex.ru
2025-03-30 22:06:33 - keyword_collector - INFO - Успешно обработан домен: market.yandex.ru
2025-03-30 22:06:44 - keyword_collector - INFO - Успешно обработан домен: merchants.yandex.ru
2025-03-30 22:06:56 - keyword_collector - INFO - Успешно обработан домен: metrika.yandex.ru
2025-03-30 22:07:09 - keyword_collector - INFO - Успешно обработан домен: music.yandex.ru
2025-03-30 22:07:19 - keyword_collector - INFO - Успешно обработан домен: n.maps.yandex.ru
2025-03-30 22:07:31 - keyword_collector - INFO - Успешно обработан домен: ofd.yandex.ru
2025-03-30 22:07:43 - keyword_collector - INFO - Успешно обработан домен: partner.market.yandex.ru
2025-03-30 22:07:54 - keyword_collector - INFO - Успешно обработан домен: partners.yandex.ru
2025-03-30 22:08:06 - keyword_collector - INFO - Успешно обработан домен: partnersearch.yandex.kz
2025-03-30 22:08:17 - keyword_collector - INFO - Успешно обработан домен: pay.yandex.ru
2025-03-30 22:08:29 - keyword_collector - INFO - Успешно обработан домен: plus.yandex.ru
2025-03-30 22:08:41 - keyword_collector - INFO - Успешно обработан домен: practicum.yandex.ru
2025-03-30 22:08:53 - keyword_collector - INFO - Успешно обработан домен: radar.metrika.yandex
2025-03-30 22:09:04 - keyword_collector - INFO - Успешно обработан домен: rasp.yandex.ru
2025-03-30 22:09:16 - keyword_collector - INFO - Успешно обработан домен: realty.yandex.ru
2025-03-30 22:09:28 - keyword_collector - INFO - Успешно обработан домен: shedevrum.ai
2025-03-30 22:09:39 - keyword_collector - INFO - Успешно обработан домен: site.yandex.ru
2025-03-30 22:09:51 - keyword_collector - INFO - Успешно обработан домен: smena.yandex.ru
2025-03-30 22:10:02 - keyword_collector - INFO - Успешно обработан домен: sourcecraft.dev
2025-03-30 22:10:14 - keyword_collector - INFO - Успешно обработан домен: split.yandex.ru
2025-03-30 22:10:25 - keyword_collector - INFO - Успешно обработан домен: surveys.yandex.ru
2025-03-30 22:10:37 - keyword_collector - INFO - Успешно обработан домен: tasks.yandex.ru
2025-03-30 22:10:48 - keyword_collector - INFO - Успешно обработан домен: taxi.yandex.ru
2025-03-30 22:11:00 - keyword_collector - INFO - Успешно обработан домен: teacher.yandex.ru
2025-03-30 22:11:12 - keyword_collector - INFO - Успешно обработан домен: telemost.yandex.ru
2025-03-30 22:11:23 - keyword_collector - INFO - Успешно обработан домен: translate.yandex.ru
2025-03-30 22:11:36 - keyword_collector - INFO - Успешно обработан домен: travel.yandex.ru
2025-03-30 22:11:47 - keyword_collector - INFO - Успешно обработан домен: tv.yandex.by
2025-03-30 22:11:59 - keyword_collector - INFO - Успешно обработан домен: tv.yandex.ru
2025-03-30 22:12:11 - keyword_collector - INFO - Успешно обработан домен: uslugi.yandex.ru
2025-03-30 22:12:23 - keyword_collector - INFO - Успешно обработан домен: vygoda.yandex.ru
2025-03-30 22:12:34 - keyword_collector - INFO - Успешно обработан домен: webmaster.yandex.ru
2025-03-30 22:12:45 - keyword_collector - INFO - Успешно обработан домен: wordstat.yandex.com
2025-03-30 22:12:57 - keyword_collector - INFO - Успешно обработан домен: wordstat.yandex.ru
2025-03-30 22:13:10 - keyword_collector - INFO - Успешно обработан домен: www.kinopoisk.ru
2025-03-30 22:13:21 - keyword_collector - INFO - Успешно обработан домен: ya.ru
2025-03-30 22:13:33 - keyword_collector - INFO - Успешно обработан домен: yandex.cloud
2025-03-30 22:13:45 - keyword_collector - INFO - Успешно обработан домен: yandex.com
2025-03-30 22:13:56 - keyword_collector - INFO - Успешно обработан домен: yandex.eu
2025-03-30 22:14:08 - keyword_collector - INFO - Успешно обработан домен: yandex.kz
2025-03-30 22:14:20 - keyword_collector - INFO - Успешно обработан домен: yandex.ru
2025-03-30 22:14:32 - keyword_collector - INFO - Успешно обработан домен: zapravki.yandex.ru
2025-03-30 22:14:42 - keyword_collector - INFO - Все CSV файлы собраны в C:\Users\priva\Desktop\Zapros2\project_folder
2025-03-30 22:14:43 - keyword_collector - INFO - Все файлы объединены в C:\Users\priva\Desktop\Zapros2\results_folder\result_csv.csv
2025-03-30 22:14:47 - keyword_collector - INFO - Ключевые слова сохранены в C:\Users\priva\Desktop\Zapros2\results_folder\keywords.txt
